<?xml version="1.0" encoding="UTF-8"?>
<!-- Generated by org.testng.reporters.JUnitXMLReporter -->
<testsuite ignored="0" hostname="LAPTOP-SK3D42E8" failures="0" tests="7" name="Default test" time="24.584" errors="0" timestamp="2025-01-01T07:27:58 SAST">
  <testcase classname="com.BankingApp.TestCases.integrationTestCase" name="addNewCustomers" time="2.98"/>
  <testcase classname="com.BankingApp.TestCases.integrationTestCase" name="verifyCustomerIsAddedSuccefully" time="0.752"/>
  <testcase classname="com.BankingApp.TestCases.integrationTestCase" name="openNewAccount" time="0.92"/>
  <testcase classname="com.BankingApp.TestCases.integrationTestCase" name="verifyAccountIsAddedSuccessfully" time="2.09"/>
  <testcase classname="com.BankingApp.TestCases.integrationTestCase" name="verifyAmountDepositedSuccessfully" time="0.74"/>
  <testcase classname="com.BankingApp.TestCases.integrationTestCase" name="verifyAmountwithdrawnSuccessfully" time="1.34"/>
  <testcase classname="com.BankingApp.TestCases.integrationTestCase" name="deleteCustomer" time="15.599"/>
</testsuite> <!-- Default test -->
