<?xml version="1.0" encoding="UTF-8"?>
<!-- Generated by org.testng.reporters.JUnitXMLReporter -->
<testsuite ignored="0" hostname="LAPTOP-SK3D42E8" failures="2" tests="5" name="Account Test Cases" time="3.26" errors="0" timestamp="2024-12-31T08:32:46 SAST">
  <testcase classname="com.BankingApp.TestCases.AccountTestCases" name="verifyDepositSuccessfulMessage" time="0.708"/>
  <testcase classname="com.BankingApp.TestCases.AccountTestCases" name="verifyAmountDepositedSuccessfully" time="0.244"/>
  <testcase classname="com.BankingApp.TestCases.AccountTestCases" name="verifyWithdrawlSuccessfulMessage" time="1.272">
    <failure type="java.lang.AssertionError" message="The following asserts failed:
	expected [Transaction successful] but found [Deposit Successful]">
      <![CDATA[java.lang.AssertionError: The following asserts failed:
expected [Transaction successful] but found [Deposit Successful]
at com.BankingApp.TestCases.AccountTestCases.verifyWithdrawlSuccessfulMessage(AccountTestCases.java:100)
at java.base/java.util.ArrayList.forEach(ArrayList.java:1597)
... Removed 27 stack frames]]>
    </failure>
  </testcase> <!-- verifyWithdrawlSuccessfulMessage -->
  <testcase classname="com.BankingApp.TestCases.AccountTestCases" name="verifyWithdrawlAmountMoreThanBalance" time="0.218">
    <failure type="java.lang.AssertionError" message="The following asserts failed:
	expected [Transaction Failed. You can not withdraw amount more than the balance.] but found [Transaction successful]">
      <![CDATA[java.lang.AssertionError: The following asserts failed:
expected [Transaction Failed. You can not withdraw amount more than the balance.] but found [Transaction successful]
at com.BankingApp.TestCases.AccountTestCases.verifyWithdrawlAmountMoreThanBalance(AccountTestCases.java:143)
at java.base/java.util.ArrayList.forEach(ArrayList.java:1597)
... Removed 27 stack frames]]>
    </failure>
  </testcase> <!-- verifyWithdrawlAmountMoreThanBalance -->
  <testcase classname="com.BankingApp.TestCases.AccountTestCases" name="verifyAmountwithdrawnSuccessfully" time="0.286"/>
</testsuite> <!-- Account Test Cases -->
