<?xml version="1.0" encoding="UTF-8"?>
<!-- Generated by org.testng.reporters.JUnitXMLReporter -->
<testsuite ignored="0" hostname="LAPTOP-SK3D42E8" failures="1" tests="6" name="Add Customer Test Cases" time="3.846" errors="0" timestamp="2024-12-31T08:32:36 SAST">
  <testcase classname="com.BankingApp.TestCases.AddCustomerTestCases" name="VerifyBlankFields" time="0.839"/>
  <testcase classname="com.BankingApp.TestCases.AddCustomerTestCases" name="VerifyBlankFields" time="0.659"/>
  <testcase classname="com.BankingApp.TestCases.AddCustomerTestCases" name="VerifyBlankFields" time="0.7"/>
  <testcase classname="com.BankingApp.TestCases.AddCustomerTestCases" name="VerifyBlankFields" time="0.54">
    <failure type="java.lang.AssertionError" message="The following asserts failed:
	 Unexpected alert message was diplayed  expected [false] but found [true]">
      <![CDATA[java.lang.AssertionError: The following asserts failed:
 Unexpected alert message was diplayed  expected [false] but found [true]
at com.BankingApp.TestCases.AddCustomerTestCases.VerifyBlankFields(AddCustomerTestCases.java:58)
at java.base/java.util.ArrayList.forEach(ArrayList.java:1597)
... Removed 27 stack frames]]>
    </failure>
  </testcase> <!-- VerifyBlankFields -->
  <testcase classname="com.BankingApp.TestCases.AddCustomerTestCases" name="VerifyNewCustomer" time="0.364"/>
  <testcase classname="com.BankingApp.TestCases.AddCustomerTestCases" name="VerifyNameIsAdded" time="0.188"/>
</testsuite> <!-- Add Customer Test Cases -->
