<?xml version="1.0" encoding="UTF-8"?>
<!-- Generated by org.testng.reporters.JUnitXMLReporter -->
<testsuite ignored="0" hostname="LAPTOP-SK3D42E8" failures="0" tests="3" name="Bank Manager Login Test Cases" time="0.497" errors="0" timestamp="2024-12-31T08:32:32 SAST">
  <testcase classname="com.BankingApp.TestCases.BankManagerLoginTestCases" name="verifyAddCustomerButton" time="0.1"/>
  <testcase classname="com.BankingApp.TestCases.BankManagerLoginTestCases" name="verifyOpenAccountButton" time="0.079"/>
  <testcase classname="com.BankingApp.TestCases.BankManagerLoginTestCases" name="verifyCustomersButton" time="0.093"/>
</testsuite> <!-- Bank Manager Login Test Cases -->
