<?xml version="1.0" encoding="UTF-8"?>
<!-- Generated by org.testng.reporters.JUnitXMLReporter -->
<testsuite ignored="0" hostname="LAPTOP-SK3D42E8" failures="0" tests="3" name="Bank Manager Login Test Cases" time="0.418" errors="0" timestamp="2024-12-30T09:10:24 SAST">
  <testcase classname="com.BankingApp.TestCases.BankManagerLoginTestCases" name="verifyAddCustomerButton" time="0.087"/>
  <testcase classname="com.BankingApp.TestCases.BankManagerLoginTestCases" name="verifyOpenAccountButton" time="0.081"/>
  <testcase classname="com.BankingApp.TestCases.BankManagerLoginTestCases" name="verifyCustomersButton" time="0.09"/>
</testsuite> <!-- Bank Manager Login Test Cases -->
