<?xml version="1.0" encoding="UTF-8"?>
<!-- Generated by org.testng.reporters.JUnitXMLReporter -->
<testsuite ignored="0" hostname="LAPTOP-SK3D42E8" failures="0" tests="2" name="Customer List Test Cases" time="3.675" errors="0" timestamp="2024-12-30T09:10:33 SAST">
  <testcase classname="com.BankingApp.TestCases.CustomersTestCases" name="deleteCustomer" time="3.325"/>
  <testcase classname="com.BankingApp.TestCases.CustomersTestCases" name="searchCustomer" time="0.113"/>
</testsuite> <!-- Customer List Test Cases -->
