<?xml version="1.0" encoding="UTF-8"?>
<!-- Generated by org.testng.reporters.JUnitXMLReporter -->
<testsuite ignored="0" hostname="LAPTOP-SK3D42E8" failures="0" tests="2" name="home Page Test Cases" time="7.671" errors="0" timestamp="2024-12-30T09:10:23 SAST">
  <testcase classname="com.BankingApp.TestCases.HomeTestCases" name="verifyCustomerLogin" time="3.188"/>
  <testcase classname="com.BankingApp.TestCases.HomeTestCases" name="verifyBankManagerLoginButton" time="3.163"/>
</testsuite> <!-- home Page Test Cases -->
