<?xml version="1.0" encoding="UTF-8"?>
<!-- Generated by org.testng.reporters.JUnitXMLReporter -->
<testsuite ignored="2" hostname="LAPTOP-SK3D42E8" failures="1" tests="1" name="Add Customer Test Cases(failed)" time="2.584" errors="0" timestamp="2024-12-20T08:14:37 SAST">
  <testcase classname="com.BankingApp.TestCases.AddCustomerTestCases" name="VerifyBlankFields" time="0.856">
    <failure type="java.lang.AssertionError" message="The following asserts failed:
	 Unexpected alert message was diplayed  expected [false] but found [true]">
      <![CDATA[java.lang.AssertionError: The following asserts failed:
 Unexpected alert message was diplayed  expected [false] but found [true]
at com.BankingApp.TestCases.AddCustomerTestCases.VerifyBlankFields(AddCustomerTestCases.java:51)
at java.base/java.util.ArrayList.forEach(ArrayList.java:1597)
... Removed 27 stack frames]]>
    </failure>
  </testcase> <!-- VerifyBlankFields -->
  <testcase classname="com.BankingApp.TestCases.AddCustomerTestCases" name="VerifyNewCustomer" time="0.0">
    <ignored/>
  </testcase> <!-- VerifyNewCustomer -->
  <testcase classname="com.BankingApp.TestCases.AddCustomerTestCases" name="VerifyNameIsAdded" time="0.0">
    <ignored/>
  </testcase> <!-- VerifyNameIsAdded -->
</testsuite> <!-- Add Customer Test Cases(failed) -->
