<?xml version="1.0" encoding="UTF-8"?>
<!-- Generated by org.testng.reporters.JUnitXMLReporter -->
<testsuite ignored="1" hostname="LAPTOP-SK3D42E8" failures="1" tests="1" name="Customer List Test Cases(failed)" time="0.875" errors="0" timestamp="2024-12-20T08:14:40 SAST">
  <testcase classname="com.BankingApp.TestCases.CustomersTestCases" name="deleteCustomer" time="0.636">
    <failure type="java.lang.AssertionError" message="The following asserts failed:
	Customer name was not deleted expected [true] but found [false]">
      <![CDATA[java.lang.AssertionError: The following asserts failed:
Customer name was not deleted expected [true] but found [false]
at com.BankingApp.TestCases.CustomersTestCases.deleteCustomer(CustomersTestCases.java:65)
at java.base/java.util.ArrayList.forEach(ArrayList.java:1597)
... Removed 27 stack frames]]>
    </failure>
  </testcase> <!-- deleteCustomer -->
  <testcase classname="com.BankingApp.TestCases.CustomersTestCases" name="searchCustomer" time="0.0">
    <ignored/>
  </testcase> <!-- searchCustomer -->
</testsuite> <!-- Customer List Test Cases(failed) -->
