<?xml version="1.0" encoding="UTF-8"?>
<testng-results ignored="0" total="7" passed="7" failed="0" skipped="0">
  <reporter-output>
  </reporter-output>
  <suite started-at="2025-01-01T07:27:34 SAST" name="Default suite" finished-at="2025-01-01T07:27:58 SAST" duration-ms="24584">
    <groups>
    </groups>
    <test started-at="2025-01-01T07:27:34 SAST" name="Default test" finished-at="2025-01-01T07:27:58 SAST" duration-ms="24584">
      <class name="com.BankingApp.TestCases.integrationTestCase">
        <test-method is-config="true" signature="setup()[pri:0, instance:com.BankingApp.TestCases.integrationTestCase@6bb4dd34]" started-at="2025-01-01T07:27:26 SAST" name="setup" finished-at="2025-01-01T07:27:34 SAST" duration-ms="7767" status="PASS">
          <reporter-output>
          </reporter-output>
        </test-method> <!-- setup -->
        <test-method signature="addNewCustomers()[pri:0, instance:com.BankingApp.TestCases.integrationTestCase@6bb4dd34]" started-at="2025-01-01T07:27:34 SAST" name="addNewCustomers" finished-at="2025-01-01T07:27:37 SAST" duration-ms="2980" status="PASS">
          <reporter-output>
          </reporter-output>
        </test-method> <!-- addNewCustomers -->
        <test-method signature="verifyCustomerIsAddedSuccefully()[pri:1, instance:com.BankingApp.TestCases.integrationTestCase@6bb4dd34]" started-at="2025-01-01T07:27:37 SAST" name="verifyCustomerIsAddedSuccefully" finished-at="2025-01-01T07:27:38 SAST" duration-ms="752" status="PASS">
          <reporter-output>
          </reporter-output>
        </test-method> <!-- verifyCustomerIsAddedSuccefully -->
        <test-method signature="openNewAccount()[pri:2, instance:com.BankingApp.TestCases.integrationTestCase@6bb4dd34]" started-at="2025-01-01T07:27:38 SAST" name="openNewAccount" finished-at="2025-01-01T07:27:39 SAST" duration-ms="920" status="PASS">
          <reporter-output>
          </reporter-output>
        </test-method> <!-- openNewAccount -->
        <test-method signature="verifyAccountIsAddedSuccessfully()[pri:3, instance:com.BankingApp.TestCases.integrationTestCase@6bb4dd34]" started-at="2025-01-01T07:27:39 SAST" name="verifyAccountIsAddedSuccessfully" finished-at="2025-01-01T07:27:41 SAST" duration-ms="2090" status="PASS">
          <reporter-output>
          </reporter-output>
        </test-method> <!-- verifyAccountIsAddedSuccessfully -->
        <test-method signature="verifyAmountDepositedSuccessfully()[pri:4, instance:com.BankingApp.TestCases.integrationTestCase@6bb4dd34]" started-at="2025-01-01T07:27:41 SAST" name="verifyAmountDepositedSuccessfully" finished-at="2025-01-01T07:27:41 SAST" duration-ms="740" status="PASS">
          <reporter-output>
          </reporter-output>
        </test-method> <!-- verifyAmountDepositedSuccessfully -->
        <test-method signature="verifyAmountwithdrawnSuccessfully()[pri:5, instance:com.BankingApp.TestCases.integrationTestCase@6bb4dd34]" started-at="2025-01-01T07:27:42 SAST" name="verifyAmountwithdrawnSuccessfully" finished-at="2025-01-01T07:27:43 SAST" duration-ms="1340" status="PASS">
          <reporter-output>
          </reporter-output>
        </test-method> <!-- verifyAmountwithdrawnSuccessfully -->
        <test-method signature="deleteCustomer()[pri:6, instance:com.BankingApp.TestCases.integrationTestCase@6bb4dd34]" started-at="2025-01-01T07:27:43 SAST" name="deleteCustomer" finished-at="2025-01-01T07:27:58 SAST" duration-ms="15599" status="PASS">
          <reporter-output>
          </reporter-output>
        </test-method> <!-- deleteCustomer -->
      </class> <!-- com.BankingApp.TestCases.integrationTestCase -->
    </test> <!-- Default test -->
  </suite> <!-- Default suite -->
</testng-results>
